2023-04-02 22:30:50.040580 - Initialized conversion of CBT190
2023-04-02 22:30:50.272246 - Received CBT.V504.FILE190.PDS from FILE190.XMI 
2023-04-02 22:30:50.274558 - Found $$$$DOC.txt (text/plain) in CBT.V504.FILE190.PDS, moved to PDS/$$$$DOC
2023-04-02 22:30:50.275630 - Found $$$#DATE.txt (text/plain) in CBT.V504.FILE190.PDS, moved to PDS/$$$#DATE
2023-04-02 22:30:50.276574 - Found @CLIST.txt (text/plain) in CBT.V504.FILE190.PDS, moved to PDS/@CLIST
2023-04-02 22:30:50.277610 - Found @COMPILE.jcl (text/plain) in CBT.V504.FILE190.PDS, moved to PDS/@COMPILE
2023-04-02 22:30:50.279005 - Found @FILE190.txt (text/plain) in CBT.V504.FILE190.PDS, moved to PDS/@FILE190
2023-04-02 22:30:50.280182 - Found @REPORT.jcl (text/plain) in CBT.V504.FILE190.PDS, moved to PDS/@REPORT
2023-04-02 22:30:50.281421 - Found @TEST1.jcl (text/plain) in CBT.V504.FILE190.PDS, moved to PDS/@TEST1
2023-04-02 22:30:50.282523 - Found ALLOCDS.txt (text/plain) in CBT.V504.FILE190.PDS, moved to PDS/ALLOCDS
2023-04-02 22:30:50.283562 - Found FIXDCB.txt (text/plain) in CBT.V504.FILE190.PDS, moved to PDS/FIXDCB
2023-04-02 22:30:50.284824 - Found GETDSN.txt (text/plain) in CBT.V504.FILE190.PDS, moved to PDS/GETDSN
2023-04-02 22:30:50.286136 - Found IPCSLMSG.txt (text/plain) in CBT.V504.FILE190.PDS, moved to PDS/IPCSLMSG
2023-04-02 22:30:50.287104 - Found IPCSLOAD.txt (text/plain) in CBT.V504.FILE190.PDS, moved to PDS/IPCSLOAD
2023-04-02 22:30:50.288242 - Found IPCSPRNT.txt (text/plain) in CBT.V504.FILE190.PDS, moved to PDS/IPCSPRNT
2023-04-02 22:30:50.289184 - Found LOCATE1.txt (text/plain) in CBT.V504.FILE190.PDS, moved to PDS/LOCATE1
2023-04-02 22:30:50.290280 - Found PUT31.txt (text/plain) in CBT.V504.FILE190.PDS, moved to PDS/PUT31
2023-04-02 22:30:50.291518 - Found RENTR.txt (text/plain) in CBT.V504.FILE190.PDS, moved to PDS/RENTR
2023-04-02 22:30:50.293203 - Found REXIT.txt (text/plain) in CBT.V504.FILE190.PDS, moved to PDS/REXIT
2023-04-02 22:30:50.294352 - Found SMODE.txt (text/plain) in CBT.V504.FILE190.PDS, moved to PDS/SMODE
2023-04-02 22:30:50.295537 - Found SWAREQ1.txt (text/plain) in CBT.V504.FILE190.PDS, moved to PDS/SWAREQ1
2023-04-02 22:30:50.296668 - Found SYMBAR.txt (text/plain) in CBT.V504.FILE190.PDS, moved to PDS/SYMBAR
2023-04-02 22:30:50.297739 - Found TESTSYS.txt (text/plain) in CBT.V504.FILE190.PDS, moved to PDS/TESTSYS
2023-04-02 22:30:50.299122 - Found VSMDUMP.txt (text/plain) in CBT.V504.FILE190.PDS, moved to PDS/VSMDUMP
2023-04-02 22:30:50.300310 - Found VSMPRNT.txt (text/plain) in CBT.V504.FILE190.PDS, moved to PDS/VSMPRNT
